<?xml version="1.0" encoding="UTF-8"?>
<!-- Generated by org.testng.reporters.JUnitXMLReporter -->
<testsuite hostname="Jaafoul-PC" name="Default test" tests="2" failures="0" timestamp="9 Oct 2019 13:31:24 GMT" time="20.837" errors="0">
  <testcase name="test_change_adresse" time="0.461" classname="com.jaa.ham.ResTfulSpringBootApplicationTests"/>
  <testcase name="test_get_last_adresse_audit" time="0.095" classname="com.jaa.ham.ResTfulSpringBootApplicationTests"/>
</testsuite> <!-- Default test -->
