<?xml version="1.0" encoding="UTF-8"?>
<!-- Generated by org.testng.reporters.JUnitXMLReporter -->
<testsuite hostname="Jaafoul-PC" name="Default test" tests="2" failures="0" timestamp="8 Oct 2019 13:29:58 GMT" time="18.131" errors="0">
  <testcase name="test_change_adresse" time="0.472" classname="com.jaa.ham.ResTfulSpringBootApplicationTests"/>
  <testcase name="test_get_last_adresse_audit" time="0.102" classname="com.jaa.ham.ResTfulSpringBootApplicationTests"/>
</testsuite> <!-- Default test -->
