<?xml version="1.0" encoding="UTF-8"?>
<testng-results skipped="0" failed="0" total="2" passed="2">
  <reporter-output>
  </reporter-output>
  <suite name="Default suite" duration-ms="18131" started-at="2019-10-08T13:29:40Z" finished-at="2019-10-08T13:29:58Z">
    <groups>
    </groups>
    <test name="Default test" duration-ms="18131" started-at="2019-10-08T13:29:40Z" finished-at="2019-10-08T13:29:58Z">
      <class name="com.jaa.ham.ResTfulSpringBootApplicationTests">
        <test-method status="PASS" signature="springTestContextBeforeTestClass()[pri:0, instance:com.jaa.ham.ResTfulSpringBootApplicationTests@305b7c14]" name="springTestContextBeforeTestClass" is-config="true" duration-ms="28" started-at="2019-10-08T15:29:40Z" finished-at="2019-10-08T15:29:40Z">
          <reporter-output>
          </reporter-output>
        </test-method> <!-- springTestContextBeforeTestClass -->
        <test-method status="PASS" signature="springTestContextPrepareTestInstance()[pri:0, instance:com.jaa.ham.ResTfulSpringBootApplicationTests@305b7c14]" name="springTestContextPrepareTestInstance" is-config="true" duration-ms="17393" started-at="2019-10-08T15:29:40Z" depends-on-methods="org.springframework.test.context.testng.AbstractTestNGSpringContextTests.springTestContextBeforeTestClass" finished-at="2019-10-08T15:29:57Z">
          <reporter-output>
          </reporter-output>
        </test-method> <!-- springTestContextPrepareTestInstance -->
        <test-method status="PASS" signature="setup()[pri:0, instance:com.jaa.ham.ResTfulSpringBootApplicationTests@305b7c14]" name="setup" is-config="true" duration-ms="95" started-at="2019-10-08T15:29:57Z" finished-at="2019-10-08T15:29:58Z">
          <reporter-output>
          </reporter-output>
        </test-method> <!-- setup -->
        <test-method status="PASS" signature="springTestContextBeforeTestMethod(java.lang.reflect.Method)[pri:0, instance:com.jaa.ham.ResTfulSpringBootApplicationTests@305b7c14]" name="springTestContextBeforeTestMethod" is-config="true" duration-ms="3" started-at="2019-10-08T15:29:58Z" finished-at="2019-10-08T15:29:58Z">
          <params>
            <param index="0">
              <value>
                <![CDATA[public void com.jaa.ham.ResTfulSpringBootApplicationTests.test_change_adresse() throws java.lang.Exception]]>
              </value>
            </param>
          </params>
          <reporter-output>
          </reporter-output>
        </test-method> <!-- springTestContextBeforeTestMethod -->
        <test-method status="PASS" signature="test_change_adresse()[pri:0, instance:com.jaa.ham.ResTfulSpringBootApplicationTests@305b7c14]" name="test_change_adresse" duration-ms="472" started-at="2019-10-08T15:29:58Z" finished-at="2019-10-08T15:29:58Z">
          <reporter-output>
          </reporter-output>
        </test-method> <!-- test_change_adresse -->
        <test-method status="PASS" signature="springTestContextAfterTestMethod(java.lang.reflect.Method)[pri:0, instance:com.jaa.ham.ResTfulSpringBootApplicationTests@305b7c14]" name="springTestContextAfterTestMethod" is-config="true" duration-ms="1" started-at="2019-10-08T15:29:58Z" finished-at="2019-10-08T15:29:58Z">
          <params>
            <param index="0">
              <value>
                <![CDATA[public void com.jaa.ham.ResTfulSpringBootApplicationTests.test_change_adresse() throws java.lang.Exception]]>
              </value>
            </param>
          </params>
          <reporter-output>
          </reporter-output>
        </test-method> <!-- springTestContextAfterTestMethod -->
        <test-method status="PASS" signature="springTestContextBeforeTestMethod(java.lang.reflect.Method)[pri:0, instance:com.jaa.ham.ResTfulSpringBootApplicationTests@305b7c14]" name="springTestContextBeforeTestMethod" is-config="true" duration-ms="1" started-at="2019-10-08T15:29:58Z" finished-at="2019-10-08T15:29:58Z">
          <params>
            <param index="0">
              <value>
                <![CDATA[public void com.jaa.ham.ResTfulSpringBootApplicationTests.test_get_last_adresse_audit() throws java.lang.Exception]]>
              </value>
            </param>
          </params>
          <reporter-output>
          </reporter-output>
        </test-method> <!-- springTestContextBeforeTestMethod -->
        <test-method status="PASS" signature="test_get_last_adresse_audit()[pri:0, instance:com.jaa.ham.ResTfulSpringBootApplicationTests@305b7c14]" name="test_get_last_adresse_audit" duration-ms="102" started-at="2019-10-08T15:29:58Z" finished-at="2019-10-08T15:29:58Z">
          <reporter-output>
          </reporter-output>
        </test-method> <!-- test_get_last_adresse_audit -->
        <test-method status="PASS" signature="springTestContextAfterTestMethod(java.lang.reflect.Method)[pri:0, instance:com.jaa.ham.ResTfulSpringBootApplicationTests@305b7c14]" name="springTestContextAfterTestMethod" is-config="true" duration-ms="0" started-at="2019-10-08T15:29:58Z" finished-at="2019-10-08T15:29:58Z">
          <params>
            <param index="0">
              <value>
                <![CDATA[public void com.jaa.ham.ResTfulSpringBootApplicationTests.test_get_last_adresse_audit() throws java.lang.Exception]]>
              </value>
            </param>
          </params>
          <reporter-output>
          </reporter-output>
        </test-method> <!-- springTestContextAfterTestMethod -->
        <test-method status="PASS" signature="springTestContextAfterTestClass()[pri:0, instance:com.jaa.ham.ResTfulSpringBootApplicationTests@305b7c14]" name="springTestContextAfterTestClass" is-config="true" duration-ms="0" started-at="2019-10-08T15:29:58Z" finished-at="2019-10-08T15:29:58Z">
          <reporter-output>
          </reporter-output>
        </test-method> <!-- springTestContextAfterTestClass -->
      </class> <!-- com.jaa.ham.ResTfulSpringBootApplicationTests -->
    </test> <!-- Default test -->
  </suite> <!-- Default suite -->
</testng-results>
