<?xml version="1.0" encoding="UTF-8"?>
<testng-results skipped="0" failed="0" total="2" passed="2">
  <reporter-output>
  </reporter-output>
  <suite name="Default suite" duration-ms="20837" started-at="2019-10-09T13:31:03Z" finished-at="2019-10-09T13:31:24Z">
    <groups>
    </groups>
    <test name="Default test" duration-ms="20837" started-at="2019-10-09T13:31:03Z" finished-at="2019-10-09T13:31:24Z">
      <class name="com.jaa.ham.ResTfulSpringBootApplicationTests">
        <test-method status="PASS" signature="springTestContextBeforeTestClass()[pri:0, instance:com.jaa.ham.ResTfulSpringBootApplicationTests@2c1b194a]" name="springTestContextBeforeTestClass" is-config="true" duration-ms="42" started-at="2019-10-09T15:31:03Z" finished-at="2019-10-09T15:31:03Z">
          <reporter-output>
          </reporter-output>
        </test-method> <!-- springTestContextBeforeTestClass -->
        <test-method status="PASS" signature="springTestContextPrepareTestInstance()[pri:0, instance:com.jaa.ham.ResTfulSpringBootApplicationTests@2c1b194a]" name="springTestContextPrepareTestInstance" is-config="true" duration-ms="20097" started-at="2019-10-09T15:31:03Z" depends-on-methods="org.springframework.test.context.testng.AbstractTestNGSpringContextTests.springTestContextBeforeTestClass" finished-at="2019-10-09T15:31:23Z">
          <reporter-output>
          </reporter-output>
        </test-method> <!-- springTestContextPrepareTestInstance -->
        <test-method status="PASS" signature="setup()[pri:0, instance:com.jaa.ham.ResTfulSpringBootApplicationTests@2c1b194a]" name="setup" is-config="true" duration-ms="91" started-at="2019-10-09T15:31:23Z" finished-at="2019-10-09T15:31:23Z">
          <reporter-output>
          </reporter-output>
        </test-method> <!-- setup -->
        <test-method status="PASS" signature="springTestContextBeforeTestMethod(java.lang.reflect.Method)[pri:0, instance:com.jaa.ham.ResTfulSpringBootApplicationTests@2c1b194a]" name="springTestContextBeforeTestMethod" is-config="true" duration-ms="2" started-at="2019-10-09T15:31:23Z" finished-at="2019-10-09T15:31:23Z">
          <params>
            <param index="0">
              <value>
                <![CDATA[public void com.jaa.ham.ResTfulSpringBootApplicationTests.test_change_adresse() throws java.lang.Exception]]>
              </value>
            </param>
          </params>
          <reporter-output>
          </reporter-output>
        </test-method> <!-- springTestContextBeforeTestMethod -->
        <test-method status="PASS" signature="test_change_adresse()[pri:0, instance:com.jaa.ham.ResTfulSpringBootApplicationTests@2c1b194a]" name="test_change_adresse" duration-ms="461" started-at="2019-10-09T15:31:23Z" finished-at="2019-10-09T15:31:24Z">
          <reporter-output>
          </reporter-output>
        </test-method> <!-- test_change_adresse -->
        <test-method status="PASS" signature="springTestContextAfterTestMethod(java.lang.reflect.Method)[pri:0, instance:com.jaa.ham.ResTfulSpringBootApplicationTests@2c1b194a]" name="springTestContextAfterTestMethod" is-config="true" duration-ms="1" started-at="2019-10-09T15:31:24Z" finished-at="2019-10-09T15:31:24Z">
          <params>
            <param index="0">
              <value>
                <![CDATA[public void com.jaa.ham.ResTfulSpringBootApplicationTests.test_change_adresse() throws java.lang.Exception]]>
              </value>
            </param>
          </params>
          <reporter-output>
          </reporter-output>
        </test-method> <!-- springTestContextAfterTestMethod -->
        <test-method status="PASS" signature="springTestContextBeforeTestMethod(java.lang.reflect.Method)[pri:0, instance:com.jaa.ham.ResTfulSpringBootApplicationTests@2c1b194a]" name="springTestContextBeforeTestMethod" is-config="true" duration-ms="1" started-at="2019-10-09T15:31:24Z" finished-at="2019-10-09T15:31:24Z">
          <params>
            <param index="0">
              <value>
                <![CDATA[public void com.jaa.ham.ResTfulSpringBootApplicationTests.test_get_last_adresse_audit() throws java.lang.Exception]]>
              </value>
            </param>
          </params>
          <reporter-output>
          </reporter-output>
        </test-method> <!-- springTestContextBeforeTestMethod -->
        <test-method status="PASS" signature="test_get_last_adresse_audit()[pri:0, instance:com.jaa.ham.ResTfulSpringBootApplicationTests@2c1b194a]" name="test_get_last_adresse_audit" duration-ms="95" started-at="2019-10-09T15:31:24Z" finished-at="2019-10-09T15:31:24Z">
          <reporter-output>
          </reporter-output>
        </test-method> <!-- test_get_last_adresse_audit -->
        <test-method status="PASS" signature="springTestContextAfterTestMethod(java.lang.reflect.Method)[pri:0, instance:com.jaa.ham.ResTfulSpringBootApplicationTests@2c1b194a]" name="springTestContextAfterTestMethod" is-config="true" duration-ms="13" started-at="2019-10-09T15:31:24Z" finished-at="2019-10-09T15:31:24Z">
          <params>
            <param index="0">
              <value>
                <![CDATA[public void com.jaa.ham.ResTfulSpringBootApplicationTests.test_get_last_adresse_audit() throws java.lang.Exception]]>
              </value>
            </param>
          </params>
          <reporter-output>
          </reporter-output>
        </test-method> <!-- springTestContextAfterTestMethod -->
        <test-method status="PASS" signature="springTestContextAfterTestClass()[pri:0, instance:com.jaa.ham.ResTfulSpringBootApplicationTests@2c1b194a]" name="springTestContextAfterTestClass" is-config="true" duration-ms="0" started-at="2019-10-09T15:31:24Z" finished-at="2019-10-09T15:31:24Z">
          <reporter-output>
          </reporter-output>
        </test-method> <!-- springTestContextAfterTestClass -->
      </class> <!-- com.jaa.ham.ResTfulSpringBootApplicationTests -->
    </test> <!-- Default test -->
  </suite> <!-- Default suite -->
</testng-results>
